<?xml version="1.0" encoding="UTF-8"?>
<testng-results ignored="0" total="1" passed="1" failed="0" skipped="0">
  <reporter-output>
  </reporter-output>
  <suite started-at="2024-03-21T00:51:42 IST" name="Suite" finished-at="2024-03-21T00:52:06 IST" duration-ms="24630">
    <groups>
    </groups>
    <test started-at="2024-03-21T00:51:42 IST" name="Test" finished-at="2024-03-21T00:52:06 IST" duration-ms="24630">
      <class name="TestCases.TestCase1_Clickonsearchbar">
        <test-method is-config="true" signature="setup()[pri:0, instance:TestCases.TestCase1_Clickonsearchbar@6c1a5b54]" started-at="2024-03-21T00:51:43 IST" name="setup" finished-at="2024-03-21T00:51:51 IST" duration-ms="8419" status="PASS">
          <reporter-output>
          </reporter-output>
        </test-method> <!-- setup -->
        <test-method signature="Clickontextbar()[pri:0, instance:TestCases.TestCase1_Clickonsearchbar@6c1a5b54]" started-at="2024-03-21T00:51:51 IST" name="Clickontextbar" finished-at="2024-03-21T00:52:06 IST" duration-ms="15093" status="PASS">
          <reporter-output>
          </reporter-output>
        </test-method> <!-- Clickontextbar -->
        <test-method is-config="true" signature="TearDown()[pri:0, instance:TestCases.TestCase1_Clickonsearchbar@6c1a5b54]" started-at="2024-03-21T00:52:06 IST" name="TearDown" finished-at="2024-03-21T00:52:06 IST" duration-ms="254" status="PASS">
          <reporter-output>
          </reporter-output>
        </test-method> <!-- TearDown -->
      </class> <!-- TestCases.TestCase1_Clickonsearchbar -->
    </test> <!-- Test -->
  </suite> <!-- Suite -->
</testng-results>
